<?xml version="1.0" encoding="UTF-8"?>
<!-- Generated by org.testng.reporters.JUnitReportReporter -->
<testsuite skipped="0" hostname="CSOSTAR0664D" name="org.angelLiteApp.android.Tests.LoginTest" tests="7" failures="0" timestamp="28 Feb 2020 05:54:42 GMT" time="57.381" errors="0">
  <testcase name="multipleOperation" time="10.033" classname="org.angelLiteApp.android.Tests.LoginTest"/>
  <testcase name="multiplication_Of_Two_Number" time="6.593" classname="org.angelLiteApp.android.Tests.LoginTest"/>
  <testcase name="addition_Of_Two_Number" time="6.377" classname="org.angelLiteApp.android.Tests.LoginTest"/>
  <testcase name="division" time="6.859" classname="org.angelLiteApp.android.Tests.LoginTest"/>
  <testcase name="substraction" time="6.552" classname="org.angelLiteApp.android.Tests.LoginTest"/>
  <testcase name="addition_Of_Three_Number" time="12.972" classname="org.angelLiteApp.android.Tests.LoginTest"/>
  <testcase name="multiplication_Of_Three_Number" time="7.995" classname="org.angelLiteApp.android.Tests.LoginTest"/>
</testsuite> <!-- org.angelLiteApp.android.Tests.LoginTest -->
